<?xml version="1.0" encoding="UTF-8"?>
<testsuite xmlns:xsi="http://www.w3.org/2001/XMLSchema-instance" xsi:noNamespaceSchemaLocation="https://maven.apache.org/surefire/maven-surefire-plugin/xsd/surefire-test-report-3.0.xsd" version="3.0" name="com.lenolnmuniz.java.clients.ClientTest" time="0.009" tests="23" errors="0" skipped="0" failures="0">
  <properties>
    <property name="java.specification.version" value="17"/>
    <property name="sun.jnu.encoding" value="UTF-8"/>
    <property name="java.class.path" value="/home/lenoln/My-desk/Aulas Ultima - Java/project-crm-client/target/test-classes:/home/lenoln/My-desk/Aulas Ultima - Java/project-crm-client/target/classes:/home/lenoln/.m2/repository/junit/junit/4.13.2/junit-4.13.2.jar:/home/lenoln/.m2/repository/org/hamcrest/hamcrest-core/1.3/hamcrest-core-1.3.jar:/home/lenoln/.m2/repository/org/junit/platform/junit-platform-runner/1.9.2/junit-platform-runner-1.9.2.jar:/home/lenoln/.m2/repository/org/junit/platform/junit-platform-launcher/1.9.2/junit-platform-launcher-1.9.2.jar:/home/lenoln/.m2/repository/org/junit/platform/junit-platform-engine/1.9.2/junit-platform-engine-1.9.2.jar:/home/lenoln/.m2/repository/org/junit/platform/junit-platform-suite-api/1.9.2/junit-platform-suite-api-1.9.2.jar:/home/lenoln/.m2/repository/org/apiguardian/apiguardian-api/1.1.2/apiguardian-api-1.1.2.jar:/home/lenoln/.m2/repository/org/junit/platform/junit-platform-suite-commons/1.9.2/junit-platform-suite-commons-1.9.2.jar:/home/lenoln/.m2/repository/org/junit/jupiter/junit-jupiter-api/5.9.2/junit-jupiter-api-5.9.2.jar:/home/lenoln/.m2/repository/org/opentest4j/opentest4j/1.2.0/opentest4j-1.2.0.jar:/home/lenoln/.m2/repository/org/junit/platform/junit-platform-commons/1.9.2/junit-platform-commons-1.9.2.jar:"/>
    <property name="java.vm.vendor" value="Oracle Corporation"/>
    <property name="sun.arch.data.model" value="64"/>
    <property name="java.vendor.url" value="https://java.oracle.com/"/>
    <property name="user.timezone" value="America/Sao_Paulo"/>
    <property name="os.name" value="Linux"/>
    <property name="java.vm.specification.version" value="17"/>
    <property name="sun.java.launcher" value="SUN_STANDARD"/>
    <property name="user.country" value="BR"/>
    <property name="sun.boot.library.path" value="/usr/lib/jvm/jdk-17.0.7/lib"/>
    <property name="sun.java.command" value="/home/lenoln/My-desk/Aulas Ultima - Java/project-crm-client/target/surefire/surefirebooter-20240129125106558_3.jar /home/lenoln/My-desk/Aulas Ultima - Java/project-crm-client/target/surefire 2024-01-29T12-51-06_294-jvmRun1 surefire-20240129125106558_1tmp surefire_0-20240129125106558_2tmp"/>
    <property name="jdk.debug" value="release"/>
    <property name="surefire.test.class.path" value="/home/lenoln/My-desk/Aulas Ultima - Java/project-crm-client/target/test-classes:/home/lenoln/My-desk/Aulas Ultima - Java/project-crm-client/target/classes:/home/lenoln/.m2/repository/junit/junit/4.13.2/junit-4.13.2.jar:/home/lenoln/.m2/repository/org/hamcrest/hamcrest-core/1.3/hamcrest-core-1.3.jar:/home/lenoln/.m2/repository/org/junit/platform/junit-platform-runner/1.9.2/junit-platform-runner-1.9.2.jar:/home/lenoln/.m2/repository/org/junit/platform/junit-platform-launcher/1.9.2/junit-platform-launcher-1.9.2.jar:/home/lenoln/.m2/repository/org/junit/platform/junit-platform-engine/1.9.2/junit-platform-engine-1.9.2.jar:/home/lenoln/.m2/repository/org/junit/platform/junit-platform-suite-api/1.9.2/junit-platform-suite-api-1.9.2.jar:/home/lenoln/.m2/repository/org/apiguardian/apiguardian-api/1.1.2/apiguardian-api-1.1.2.jar:/home/lenoln/.m2/repository/org/junit/platform/junit-platform-suite-commons/1.9.2/junit-platform-suite-commons-1.9.2.jar:/home/lenoln/.m2/repository/org/junit/jupiter/junit-jupiter-api/5.9.2/junit-jupiter-api-5.9.2.jar:/home/lenoln/.m2/repository/org/opentest4j/opentest4j/1.2.0/opentest4j-1.2.0.jar:/home/lenoln/.m2/repository/org/junit/platform/junit-platform-commons/1.9.2/junit-platform-commons-1.9.2.jar:"/>
    <property name="sun.cpu.endian" value="little"/>
    <property name="user.home" value="/home/lenoln"/>
    <property name="user.language" value="pt"/>
    <property name="java.specification.vendor" value="Oracle Corporation"/>
    <property name="java.version.date" value="2023-04-18"/>
    <property name="java.home" value="/usr/lib/jvm/jdk-17.0.7"/>
    <property name="file.separator" value="/"/>
    <property name="basedir" value="/home/lenoln/My-desk/Aulas Ultima - Java/project-crm-client"/>
    <property name="java.vm.compressedOopsMode" value="Zero based"/>
    <property name="line.separator" value="&#10;"/>
    <property name="java.vm.specification.vendor" value="Oracle Corporation"/>
    <property name="java.specification.name" value="Java Platform API Specification"/>
    <property name="surefire.real.class.path" value="/home/lenoln/My-desk/Aulas Ultima - Java/project-crm-client/target/surefire/surefirebooter-20240129125106558_3.jar"/>
    <property name="sun.management.compiler" value="HotSpot 64-Bit Tiered Compilers"/>
    <property name="java.runtime.version" value="17.0.7+8-LTS-224"/>
    <property name="user.name" value="lenoln"/>
    <property name="path.separator" value=":"/>
    <property name="os.version" value="5.15.0-92-generic"/>
    <property name="java.runtime.name" value="Java(TM) SE Runtime Environment"/>
    <property name="file.encoding" value="UTF-8"/>
    <property name="java.vm.name" value="Java HotSpot(TM) 64-Bit Server VM"/>
    <property name="localRepository" value="/home/lenoln/.m2/repository"/>
    <property name="java.vendor.url.bug" value="https://bugreport.java.com/bugreport/"/>
    <property name="java.io.tmpdir" value="/tmp"/>
    <property name="idea.version" value="2023.3.3"/>
    <property name="java.version" value="17.0.7"/>
    <property name="user.dir" value="/home/lenoln/My-desk/Aulas Ultima - Java/project-crm-client"/>
    <property name="os.arch" value="amd64"/>
    <property name="java.vm.specification.name" value="Java Virtual Machine Specification"/>
    <property name="native.encoding" value="UTF-8"/>
    <property name="java.library.path" value="/usr/java/packages/lib:/usr/lib64:/lib64:/lib:/usr/lib"/>
    <property name="java.vm.info" value="mixed mode, sharing"/>
    <property name="java.vendor" value="Oracle Corporation"/>
    <property name="java.vm.version" value="17.0.7+8-LTS-224"/>
    <property name="sun.io.unicode.encoding" value="UnicodeLittle"/>
    <property name="java.class.version" value="61.0"/>
  </properties>
  <testcase name="testSetBirthday" classname="com.lenolnmuniz.java.clients.ClientTest" time="0.0"/>
  <testcase name="testGetBirthday" classname="com.lenolnmuniz.java.clients.ClientTest" time="0.0"/>
  <testcase name="testSetFullName" classname="com.lenolnmuniz.java.clients.ClientTest" time="0.0"/>
  <testcase name="testGetEmail" classname="com.lenolnmuniz.java.clients.ClientTest" time="0.0"/>
  <testcase name="testGetPhone" classname="com.lenolnmuniz.java.clients.ClientTest" time="0.0"/>
  <testcase name="testSetFirstName" classname="com.lenolnmuniz.java.clients.ClientTest" time="0.0"/>
  <testcase name="testGetFullName" classname="com.lenolnmuniz.java.clients.ClientTest" time="0.0"/>
  <testcase name="testGetAddress" classname="com.lenolnmuniz.java.clients.ClientTest" time="0.0"/>
  <testcase name="testSetLastName" classname="com.lenolnmuniz.java.clients.ClientTest" time="0.0"/>
  <testcase name="testGetLastName" classname="com.lenolnmuniz.java.clients.ClientTest" time="0.0"/>
  <testcase name="testTestToString" classname="com.lenolnmuniz.java.clients.ClientTest" time="0.002"/>
  <testcase name="testGetMiddleName" classname="com.lenolnmuniz.java.clients.ClientTest" time="0.001"/>
  <testcase name="testSetGender" classname="com.lenolnmuniz.java.clients.ClientTest" time="0.0"/>
  <testcase name="testSetAddress" classname="com.lenolnmuniz.java.clients.ClientTest" time="0.0"/>
  <testcase name="testGetGender" classname="com.lenolnmuniz.java.clients.ClientTest" time="0.0"/>
  <testcase name="testGetFirstName" classname="com.lenolnmuniz.java.clients.ClientTest" time="0.001"/>
  <testcase name="testGetAge" classname="com.lenolnmuniz.java.clients.ClientTest" time="0.0"/>
  <testcase name="testGetCpf" classname="com.lenolnmuniz.java.clients.ClientTest" time="0.0"/>
  <testcase name="testSetMiddleName" classname="com.lenolnmuniz.java.clients.ClientTest" time="0.001"/>
  <testcase name="testSetAge" classname="com.lenolnmuniz.java.clients.ClientTest" time="0.0"/>
  <testcase name="testSetCpf" classname="com.lenolnmuniz.java.clients.ClientTest" time="0.0"/>
  <testcase name="testSetEmail" classname="com.lenolnmuniz.java.clients.ClientTest" time="0.001"/>
  <testcase name="testSetPhone" classname="com.lenolnmuniz.java.clients.ClientTest" time="0.0"/>
</testsuite>